05/15/15 15:06:41 [6356][1][FATAL] ВНИМАНИЕ: В процессе загрузки произошла ошибка, для решения вопроса свяжитесь с системным администратором.
05/16/15 12:11:39 [2976][-none-][FATAL] SECURITY: User authentication for админ failed
05/16/15 12:11:39 [2976][-none-][FATAL] FAILED LOGIN:attempts[1] - админ
05/16/15 12:11:48 [2976][-none-][FATAL] SECURITY: User authentication for админ failed
05/16/15 12:11:48 [2976][-none-][FATAL] FAILED LOGIN:attempts[2] - админ
05/21/15 07:09:05 [5748][1][FATAL]  Query Failed: INSERT INTO k1_house (name, description, rooms_list) values(Лучший дом,Кирпичный,2: MySQL error 1064: You have an error in your SQL syntax; check the manual that corresponds to your MySQL server version for the right syntax to use near 'дом,Кирпичный,2' at line 1
05/21/15 07:09:17 [5748][1][FATAL]  Query Failed: INSERT INTO k1_house (name, description, rooms_list) values(Супер дом,Кирпичный,2: MySQL error 1064: You have an error in your SQL syntax; check the manual that corresponds to your MySQL server version for the right syntax to use near 'дом,Кирпичный,2' at line 1
05/21/15 07:33:38 [5748][1][FATAL]  Query Failed: SELECT * FROM k1_house WHERE rooms_list = : MySQL error 1064: You have an error in your SQL syntax; check the manual that corresponds to your MySQL server version for the right syntax to use near '' at line 1
05/21/15 07:43:47 [5748][1][FATAL]  Query Failed: SELECT * FROM k1_house WHERE rooms_list = : MySQL error 1064: You have an error in your SQL syntax; check the manual that corresponds to your MySQL server version for the right syntax to use near '' at line 1
05/21/15 07:44:07 [5748][1][FATAL]  Query Failed: SELECT * FROM k1_house WHERE rooms_list = : MySQL error 1064: You have an error in your SQL syntax; check the manual that corresponds to your MySQL server version for the right syntax to use near '' at line 1
05/21/15 09:54:25 [5748][1][FATAL]  Query Failed: SELECT * FROM k1_house WHERE rooms_list = : MySQL error 1064: You have an error in your SQL syntax; check the manual that corresponds to your MySQL server version for the right syntax to use near '' at line 1
05/21/15 10:49:46 [5748][1][FATAL]  Query Failed: SELECT * FROM k1_house WHERE rooms_list = : MySQL error 1064: You have an error in your SQL syntax; check the manual that corresponds to your MySQL server version for the right syntax to use near '' at line 1
05/21/15 10:50:14 [5748][1][FATAL]  Query Failed: SELECT * FROM k1_house WHERE rooms_list = : MySQL error 1064: You have an error in your SQL syntax; check the manual that corresponds to your MySQL server version for the right syntax to use near '' at line 1
05/21/15 10:50:26 [5748][1][FATAL]  Query Failed: SELECT * FROM k1_house WHERE rooms_list = : MySQL error 1064: You have an error in your SQL syntax; check the manual that corresponds to your MySQL server version for the right syntax to use near '' at line 1
05/21/15 10:53:46 [5748][1][FATAL]  Query Failed: SELECT * FROM k1_house WHERE id = 118adbeb-4402-c31b-2a8b-555d8223611c: MySQL error 1054: Unknown column '118adbeb' in 'where clause'
05/21/15 10:54:19 [5748][1][FATAL]  Query Failed: SELECT * FROM k1_house WHERE id = 118adbeb-4402-c31b-2a8b-555d8223611c: MySQL error 1054: Unknown column '118adbeb' in 'where clause'
05/21/15 10:56:12 [5748][1][FATAL]  Query Failed: SELECT * FROM k1_house WHERE id = 118adbeb-4402-c31b-2a8b-555d8223611c: MySQL error 1054: Unknown column '118adbeb' in 'where clause'
05/21/15 10:56:15 [5748][1][FATAL]  Query Failed: SELECT * FROM k1_house WHERE id = 118adbeb-4402-c31b-2a8b-555d8223611c: MySQL error 1054: Unknown column '118adbeb' in 'where clause'
05/21/15 10:57:01 [5748][1][FATAL]  Query Failed: SELECT * FROM k1_house WHERE id = 118adbeb-4402-c31b-2a8b-555d8223611c: MySQL error 1054: Unknown column '118adbeb' in 'where clause'
05/21/15 10:57:25 [5748][1][FATAL]  Query Failed: SELECT * FROM k1_house WHERE id = 118adbeb-4402-c31b-2a8b-555d8223611c: MySQL error 1054: Unknown column '118adbeb' in 'where clause'
05/21/15 10:57:51 [5748][1][FATAL]  Query Failed: SELECT * FROM k1_house WHERE id = 1255e916-3e46-702b-8977-555d9b7f9ce6: MySQL error 1367: Illegal double '1255e916' value found during parsing
05/21/15 10:58:07 [5748][1][FATAL]  Query Failed: SELECT * FROM k1_house WHERE id = 1255e916-3e46-702b-8977-555d9b7f9ce6: MySQL error 1367: Illegal double '1255e916' value found during parsing
05/21/15 10:58:26 [5748][1][FATAL]  Query Failed: SELECT * FROM k1_house WHERE id = 118adbeb-4402-c31b-2a8b-555d8223611c: MySQL error 1054: Unknown column '118adbeb' in 'where clause'
05/21/15 11:03:58 [5748][1][FATAL]  Query Failed: SELECT * FROM k1_house WHERE id = 118adbeb-4402-c31b-2a8b-555d8223611c: MySQL error 1054: Unknown column '118adbeb' in 'where clause'
05/21/15 11:18:19 [5748][1][FATAL]  Query Failed: SELECT * FROM k1_house WHERE id = 118adbeb-4402-c31b-2a8b-555d8223611c: MySQL error 1054: Unknown column '118adbeb' in 'where clause'
05/21/15 11:18:27 [5748][1][FATAL]  Query Failed: SELECT * FROM k1_house WHERE id = 118adbeb-4402-c31b-2a8b-555d8223611c: MySQL error 1054: Unknown column '118adbeb' in 'where clause'
05/21/15 11:20:16 [5748][1][FATAL]  Query Failed: SELECT * FROM k1_house WHERE id = 985f80a2-c1f6-9587-dd82-555da297afe1: MySQL error 1054: Unknown column '985f80a2' in 'where clause'
05/21/15 11:26:12 [5748][1][FATAL]  Query Failed: SELECT * FROM k1_house WHERE id = 1255e916-3e46-702b-8977-555d9b7f9ce6: MySQL error 1367: Illegal double '1255e916' value found during parsing
05/21/15 11:26:18 [5748][1][FATAL]  Query Failed: SELECT * FROM k1_house WHERE id = 1255e916-3e46-702b-8977-555d9b7f9ce6: MySQL error 1367: Illegal double '1255e916' value found during parsing
05/21/15 11:26:20 [5748][1][FATAL]  Query Failed: SELECT * FROM k1_house WHERE id = 1255e916-3e46-702b-8977-555d9b7f9ce6: MySQL error 1367: Illegal double '1255e916' value found during parsing
05/21/15 11:33:50 [5748][1][FATAL]  Query Failed: SELECT * FROM k1_house WHERE id = 118adbeb-4402-c31b-2a8b-555d8223611c: MySQL error 1054: Unknown column '118adbeb' in 'where clause'
05/21/15 11:34:13 [5748][1][FATAL]  Query Failed: SELECT * FROM k1_house WHERE id = 118adbeb-4402-c31b-2a8b-555d8223611c: MySQL error 1054: Unknown column '118adbeb' in 'where clause'
05/21/15 11:34:27 [5748][1][FATAL]  Query Failed: SELECT * FROM k1_house WHERE id = 118adbeb-4402-c31b-2a8b-555d8223611c: MySQL error 1054: Unknown column '118adbeb' in 'where clause'
05/21/15 11:43:44 [5748][1][FATAL]  Query Failed: SELECT * FROM k1_house WHERE id = c81ce311-b8c3-2896-fbe7-555da59b2e50: MySQL error 1054: Unknown column 'c81ce311' in 'where clause'
05/21/15 11:43:52 [5748][1][FATAL]  Query Failed: SELECT * FROM k1_house WHERE id = c81ce311-b8c3-2896-fbe7-555da59b2e50: MySQL error 1054: Unknown column 'c81ce311' in 'where clause'
05/21/15 11:45:53 [5748][1][FATAL]  Query Failed: SELECT * FROM k1_house WHERE id = 619d7bc5-5ce0-b6d6-70f3-555ca6fa0bd4: MySQL error 1054: Unknown column '619d7bc5' in 'where clause'
05/21/15 11:46:12 [5748][1][FATAL]  Query Failed: SELECT * FROM k1_house WHERE id = 118adbeb-4402-c31b-2a8b-555d8223611c: MySQL error 1054: Unknown column '118adbeb' in 'where clause'
05/21/15 11:48:00 [5748][1][FATAL]  Query Failed: SELECT * FROM k1_house WHERE id = 118adbeb-4402-c31b-2a8b-555d8223611c: MySQL error 1054: Unknown column '118adbeb' in 'where clause'
05/21/15 11:48:05 [5748][1][FATAL]  Query Failed: SELECT * FROM k1_house WHERE id = 118adbeb-4402-c31b-2a8b-555d8223611c: MySQL error 1054: Unknown column '118adbeb' in 'where clause'
05/21/15 11:48:09 [5748][1][FATAL]  Query Failed: SELECT * FROM k1_house WHERE id = 118adbeb-4402-c31b-2a8b-555d8223611c: MySQL error 1054: Unknown column '118adbeb' in 'where clause'
05/21/15 11:48:23 [5748][1][FATAL]  Query Failed: SELECT * FROM k1_house WHERE id = 118adbeb-4402-c31b-2a8b-555d8223611c: MySQL error 1054: Unknown column '118adbeb' in 'where clause'
05/21/15 11:48:30 [5748][1][FATAL]  Query Failed: SELECT * FROM k1_house WHERE id = b32d60d2-f228-d28b-e3d8-555da558cf36: MySQL error 1054: Unknown column 'b32d60d2' in 'where clause'
05/21/15 11:54:56 [5748][1][FATAL]  Query Failed: SELECT * FROM k1_house WHERE id = 118adbeb-4402-c31b-2a8b-555d8223611c: MySQL error 1054: Unknown column '118adbeb' in 'where clause'
05/21/15 11:55:16 [5748][1][FATAL]  Query Failed: SELECT * FROM k1_house WHERE id = 118adbeb-4402-c31b-2a8b-555d8223611c: MySQL error 1054: Unknown column '118adbeb' in 'where clause'
05/21/15 11:55:27 [5748][1][FATAL]  Query Failed: SELECT * FROM k1_house WHERE id = 118adbeb-4402-c31b-2a8b-555d8223611c: MySQL error 1054: Unknown column '118adbeb' in 'where clause'
05/21/15 11:55:38 [5748][1][FATAL]  Query Failed: SELECT * FROM k1_house WHERE id = 118adbeb-4402-c31b-2a8b-555d8223611c: MySQL error 1054: Unknown column '118adbeb' in 'where clause'
05/21/15 11:55:52 [5748][1][FATAL]  Query Failed: SELECT * FROM k1_house WHERE id = 118adbeb-4402-c31b-2a8b-555d8223611c: MySQL error 1054: Unknown column '118adbeb' in 'where clause'
05/21/15 11:57:18 [5748][1][FATAL]  Query Failed: SELECT * FROM k1_house WHERE id = 118adbeb-4402-c31b-2a8b-555d8223611c: MySQL error 1054: Unknown column '118adbeb' in 'where clause'
05/21/15 11:57:38 [5748][1][FATAL]  Query Failed: SELECT * FROM k1_house WHERE id = 118adbeb-4402-c31b-2a8b-555d8223611c: MySQL error 1054: Unknown column '118adbeb' in 'where clause'
05/21/15 11:58:10 [5748][1][FATAL]  Query Failed: SELECT * FROM k1_house WHERE id = 118adbeb-4402-c31b-2a8b-555d8223611c: MySQL error 1054: Unknown column '118adbeb' in 'where clause'
05/21/15 11:58:16 [5748][1][FATAL]  Query Failed: SELECT * FROM k1_house WHERE id = 118adbeb-4402-c31b-2a8b-555d8223611c: MySQL error 1054: Unknown column '118adbeb' in 'where clause'
05/21/15 11:58:19 [5748][1][FATAL]  Query Failed: SELECT * FROM k1_house WHERE id = 118adbeb-4402-c31b-2a8b-555d8223611c: MySQL error 1054: Unknown column '118adbeb' in 'where clause'
05/21/15 11:58:22 [5748][1][FATAL]  Query Failed: SELECT * FROM k1_house WHERE id = 118adbeb-4402-c31b-2a8b-555d8223611c: MySQL error 1054: Unknown column '118adbeb' in 'where clause'
05/21/15 12:05:02 [5748][1][FATAL]  Query Failed: SELECT * FROM k1_house WHERE id = 118adbeb-4402-c31b-2a8b-555d8223611c: MySQL error 1054: Unknown column '118adbeb' in 'where clause'
05/21/15 12:05:05 [5748][1][FATAL]  Query Failed: SELECT * FROM k1_house WHERE id = 1255e916-3e46-702b-8977-555d9b7f9ce6: MySQL error 1367: Illegal double '1255e916' value found during parsing
05/21/15 13:11:14 [5748][1][FATAL] Error inserting into table: k1_house: Query Failed: INSERT INTO k1_house (id,name,date_entered,date_modified,modified_user_id,created_by,description,deleted,rooms_list,validated)
					VALUES ('1fff4d7c-86d2-4a4a-4add-555dbddd0e76','выв','2015-05-21 11:11:13','2015-05-21 11:11:13','1','1','вывы',0,'1',0): MySQL error 1054: Unknown column 'validated' in 'field list'
05/21/15 13:11:26 [5748][1][FATAL] Error inserting into table: k1_house: Query Failed: INSERT INTO k1_house (id,name,date_entered,date_modified,modified_user_id,created_by,description,deleted,rooms_list,validated)
					VALUES ('be6505cb-c054-3611-c876-555dbd1ac5fe','паппа','2015-05-21 11:11:25','2015-05-21 11:11:25','1','1','папаап',0,'3',0): MySQL error 1054: Unknown column 'validated' in 'field list'
05/21/15 13:11:44 [5748][1][FATAL] Error inserting into table: k1_house: Query Failed: INSERT INTO k1_house (id,name,date_entered,date_modified,modified_user_id,created_by,description,deleted,rooms_list,validated)
					VALUES ('8928871d-5a4d-6683-b060-555dbd6b74dc','фыввфы','2015-05-21 11:11:44','2015-05-21 11:11:44','1','1','ывфвыф',0,'4',0): MySQL error 1054: Unknown column 'validated' in 'field list'
05/21/15 13:17:15 [5748][1][FATAL]  Query Failed: SELECT * FROM k1_house WHERE rooms_list = : MySQL error 1064: You have an error in your SQL syntax; check the manual that corresponds to your MySQL server version for the right syntax to use near '' at line 1
05/21/15 13:17:35 [5748][1][FATAL]  Query Failed: SELECT * FROM k1_house WHERE rooms_list = : MySQL error 1064: You have an error in your SQL syntax; check the manual that corresponds to your MySQL server version for the right syntax to use near '' at line 1
05/21/15 13:23:45 [5748][1][FATAL]  Query Failed: SELECT * FROM k1_house WHERE rooms_list = d: MySQL error 1054: Unknown column 'd' in 'where clause'
05/21/15 13:39:18 [5748][1][FATAL]  Query Failed: SELECT * FROM k1_house WHERE wc = : MySQL error 1064: You have an error in your SQL syntax; check the manual that corresponds to your MySQL server version for the right syntax to use near '' at line 1
05/21/15 13:39:37 [5748][1][FATAL]  Query Failed: SELECT * FROM k1_house WHERE rooms_list = 4wc = : MySQL error 1064: You have an error in your SQL syntax; check the manual that corresponds to your MySQL server version for the right syntax to use near '' at line 1
05/21/15 13:40:10 [5748][1][FATAL]  Query Failed: SELECT * FROM k1_house WHERE wc = : MySQL error 1064: You have an error in your SQL syntax; check the manual that corresponds to your MySQL server version for the right syntax to use near '' at line 1
05/21/15 13:40:12 [5748][1][FATAL]  Query Failed: SELECT * FROM k1_house WHERE rooms_list = 4wc = : MySQL error 1064: You have an error in your SQL syntax; check the manual that corresponds to your MySQL server version for the right syntax to use near '' at line 1
05/21/15 13:40:15 [5748][1][FATAL]  Query Failed: SELECT * FROM k1_house WHERE rooms_list = 1wc = 0: MySQL error 1054: Unknown column '1wc' in 'where clause'
05/21/15 13:40:46 [5748][1][FATAL]  Query Failed: SELECT * FROM k1_house WHERE wc = : MySQL error 1064: You have an error in your SQL syntax; check the manual that corresponds to your MySQL server version for the right syntax to use near '' at line 1
05/21/15 13:40:49 [5748][1][FATAL]  Query Failed: SELECT * FROM k1_house WHERE rooms_list = 1wc = on: MySQL error 1064: You have an error in your SQL syntax; check the manual that corresponds to your MySQL server version for the right syntax to use near 'on' at line 1
05/21/15 13:41:55 [5748][1][FATAL]  Query Failed: SELECT * FROM k1_house WHERE rooms_list = 1wc = on: MySQL error 1064: You have an error in your SQL syntax; check the manual that corresponds to your MySQL server version for the right syntax to use near 'on' at line 1
05/21/15 13:41:56 [5748][1][FATAL]  Query Failed: SELECT * FROM k1_house WHERE wc = : MySQL error 1064: You have an error in your SQL syntax; check the manual that corresponds to your MySQL server version for the right syntax to use near '' at line 1
05/21/15 13:42:00 [5748][1][FATAL]  Query Failed: SELECT * FROM k1_house WHERE rooms_list = 2wc = on: MySQL error 1064: You have an error in your SQL syntax; check the manual that corresponds to your MySQL server version for the right syntax to use near 'on' at line 1
05/21/15 13:42:03 [5748][1][FATAL]  Query Failed: SELECT * FROM k1_house WHERE rooms_list = 1wc = on: MySQL error 1064: You have an error in your SQL syntax; check the manual that corresponds to your MySQL server version for the right syntax to use near 'on' at line 1
05/21/15 13:42:05 [5748][1][FATAL]  Query Failed: SELECT * FROM k1_house WHERE rooms_list = 1wc = : MySQL error 1064: You have an error in your SQL syntax; check the manual that corresponds to your MySQL server version for the right syntax to use near '' at line 1
05/21/15 13:42:55 [5748][1][FATAL]  Query Failed: SELECT * FROM k1_house WHERE rooms_list = 1wc = : MySQL error 1064: You have an error in your SQL syntax; check the manual that corresponds to your MySQL server version for the right syntax to use near '' at line 1
05/21/15 13:43:00 [5748][1][FATAL]  Query Failed: SELECT * FROM k1_house WHERE rooms_list = 1wc = : MySQL error 1064: You have an error in your SQL syntax; check the manual that corresponds to your MySQL server version for the right syntax to use near '' at line 1
05/21/15 13:43:06 [5748][1][FATAL]  Query Failed: SELECT * FROM k1_house WHERE rooms_list = 1wc = : MySQL error 1064: You have an error in your SQL syntax; check the manual that corresponds to your MySQL server version for the right syntax to use near '' at line 1
05/21/15 13:43:09 [5748][1][FATAL]  Query Failed: SELECT * FROM k1_house WHERE wc = : MySQL error 1064: You have an error in your SQL syntax; check the manual that corresponds to your MySQL server version for the right syntax to use near '' at line 1
05/21/15 13:43:13 [5748][1][FATAL]  Query Failed: SELECT * FROM k1_house WHERE wc = : MySQL error 1064: You have an error in your SQL syntax; check the manual that corresponds to your MySQL server version for the right syntax to use near '' at line 1
05/21/15 13:45:39 [5748][1][FATAL]  Query Failed: SELECT * FROM k1_house WHERE rooms_list = 1wc = true: MySQL error 1054: Unknown column '1wc' in 'where clause'
05/21/15 13:45:50 [5748][1][FATAL]  Query Failed: SELECT * FROM k1_house WHERE rooms_list = 1wc = false: MySQL error 1054: Unknown column '1wc' in 'where clause'
05/21/15 13:45:53 [5748][1][FATAL]  Query Failed: SELECT * FROM k1_house WHERE rooms_list = 1wc = false: MySQL error 1054: Unknown column '1wc' in 'where clause'
05/21/15 13:45:55 [5748][1][FATAL]  Query Failed: SELECT * FROM k1_house WHERE rooms_list = 2wc = false: MySQL error 1054: Unknown column '2wc' in 'where clause'
05/21/15 13:46:36 [5748][1][FATAL]  Query Failed: SELECT * FROM k1_house WHERE rooms_list = 1wc = false: MySQL error 1054: Unknown column '1wc' in 'where clause'
05/21/15 13:46:39 [5748][1][FATAL]  Query Failed: SELECT * FROM k1_house WHERE rooms_list = 1wc = false: MySQL error 1054: Unknown column '1wc' in 'where clause'
05/21/15 13:46:41 [5748][1][FATAL]  Query Failed: SELECT * FROM k1_house WHERE rooms_list = 2wc = false: MySQL error 1054: Unknown column '2wc' in 'where clause'
05/21/15 13:46:42 [5748][1][FATAL]  Query Failed: SELECT * FROM k1_house WHERE rooms_list = 3wc = false: MySQL error 1054: Unknown column '3wc' in 'where clause'
05/21/15 13:47:48 [5748][1][FATAL]  Query Failed: SELECT * FROM k1_house WHERE rooms_list = 1wc = false: MySQL error 1054: Unknown column '1wc' in 'where clause'
05/21/15 13:47:50 [5748][1][FATAL]  Query Failed: SELECT * FROM k1_house WHERE rooms_list = 2wc = false: MySQL error 1054: Unknown column '2wc' in 'where clause'
05/21/15 13:47:51 [5748][1][FATAL]  Query Failed: SELECT * FROM k1_house WHERE rooms_list = 1wc = false: MySQL error 1054: Unknown column '1wc' in 'where clause'
05/21/15 13:49:26 [5748][1][FATAL]  Query Failed: SELECT * FROM k1_house WHERE id = 177cd52f-e4e4-523b-3c72-555db5b14e30: MySQL error 1054: Unknown column '177cd52f' in 'where clause'
05/21/15 13:50:48 [5748][1][FATAL]  Query Failed: SELECT * FROM k1_house WHERE id = 177cd52f-e4e4-523b-3c72-555db5b14e30: MySQL error 1054: Unknown column '177cd52f' in 'where clause'
05/21/15 13:51:10 [5748][1][FATAL]  Query Failed: SELECT * FROM k1_house WHERE id = a1ecfa40-c85f-40dd-34b1-555dbe06f0cf: MySQL error 1054: Unknown column 'a1ecfa40' in 'where clause'
05/21/15 13:53:10 [5748][1][FATAL]  Query Failed: SELECT * FROM k1_house WHERE id = a1ecfa40-c85f-40dd-34b1-555dbe06f0cf: MySQL error 1054: Unknown column 'a1ecfa40' in 'where clause'
05/21/15 13:53:14 [5748][1][FATAL]  Query Failed: SELECT * FROM k1_house WHERE id = 177cd52f-e4e4-523b-3c72-555db5b14e30: MySQL error 1054: Unknown column '177cd52f' in 'where clause'
05/21/15 13:53:36 [5748][1][FATAL]  Query Failed: SELECT * FROM k1_house WHERE id = f2aa150c-be2b-02ff-225f-555dad59aa5b: MySQL error 1054: Unknown column 'f2aa150c' in 'where clause'
05/21/15 13:56:17 [5748][1][FATAL]  Query Failed: SELECT * FROM k1_house WHERE id = 1d3f24a2-cef4-a406-1947-555ca64d9bba: MySQL error 1054: Unknown column '1d3f24a2' in 'where clause'
05/21/15 13:56:22 [5748][1][FATAL]  Query Failed: SELECT * FROM k1_house WHERE id = a1ecfa40-c85f-40dd-34b1-555dbe06f0cf: MySQL error 1054: Unknown column 'a1ecfa40' in 'where clause'
05/21/15 13:56:34 [5748][1][FATAL]  Query Failed: SELECT * FROM k1_house WHERE id = a1ecfa40-c85f-40dd-34b1-555dbe06f0cf: MySQL error 1054: Unknown column 'a1ecfa40' in 'where clause'
05/21/15 13:58:04 [5748][1][FATAL]  Query Failed: SELECT * FROM k1_house WHERE id = a1ecfa40-c85f-40dd-34b1-555dbe06f0cf: MySQL error 1054: Unknown column 'a1ecfa40' in 'where clause'
05/21/15 13:58:14 [5748][1][FATAL]  Query Failed: SELECT * FROM k1_house WHERE id = 177cd52f-e4e4-523b-3c72-555db5b14e30: MySQL error 1054: Unknown column '177cd52f' in 'where clause'
05/21/15 13:58:16 [5748][1][FATAL]  Query Failed: SELECT * FROM k1_house WHERE id = 177cd52f-e4e4-523b-3c72-555db5b14e30: MySQL error 1054: Unknown column '177cd52f' in 'where clause'
05/21/15 13:58:20 [5748][1][FATAL]  Query Failed: SELECT * FROM k1_house WHERE id = 177cd52f-e4e4-523b-3c72-555db5b14e30: MySQL error 1054: Unknown column '177cd52f' in 'where clause'
05/21/15 14:00:14 [5748][1][FATAL]  Query Failed: SELECT * FROM k1_house WHERE id = 177cd52f-e4e4-523b-3c72-555db5b14e30: MySQL error 1054: Unknown column '177cd52f' in 'where clause'
05/21/15 14:00:16 [5748][1][FATAL]  Query Failed: SELECT * FROM k1_house WHERE id = 177cd52f-e4e4-523b-3c72-555db5b14e30: MySQL error 1054: Unknown column '177cd52f' in 'where clause'
05/21/15 14:00:19 [5748][1][FATAL]  Query Failed: SELECT * FROM k1_house WHERE id = 177cd52f-e4e4-523b-3c72-555db5b14e30: MySQL error 1054: Unknown column '177cd52f' in 'where clause'
05/21/15 14:00:21 [5748][1][FATAL]  Query Failed: SELECT * FROM k1_house WHERE id = 177cd52f-e4e4-523b-3c72-555db5b14e30: MySQL error 1054: Unknown column '177cd52f' in 'where clause'
05/21/15 14:00:23 [5748][1][FATAL]  Query Failed: SELECT * FROM k1_house WHERE id = 177cd52f-e4e4-523b-3c72-555db5b14e30: MySQL error 1054: Unknown column '177cd52f' in 'where clause'
05/21/15 14:00:25 [5748][1][FATAL]  Query Failed: SELECT * FROM k1_house WHERE id = 177cd52f-e4e4-523b-3c72-555db5b14e30: MySQL error 1054: Unknown column '177cd52f' in 'where clause'
05/21/15 14:00:36 [5748][1][FATAL]  Query Failed: SELECT * FROM k1_house WHERE id = 619d7bc5-5ce0-b6d6-70f3-555ca6fa0bd4: MySQL error 1054: Unknown column '619d7bc5' in 'where clause'
05/21/15 14:00:39 [5748][1][FATAL]  Query Failed: SELECT * FROM k1_house WHERE id = 619d7bc5-5ce0-b6d6-70f3-555ca6fa0bd4: MySQL error 1054: Unknown column '619d7bc5' in 'where clause'
05/21/15 14:00:41 [5748][1][FATAL]  Query Failed: SELECT * FROM k1_house WHERE id = 91b5421f-913e-0eb7-1f4d-555d6a7c9061: MySQL error 1064: You have an error in your SQL syntax; check the manual that corresponds to your MySQL server version for the right syntax to use near 'eb7-1f4d-555d6a7c9061' at line 1
05/21/15 14:00:44 [5748][1][FATAL]  Query Failed: SELECT * FROM k1_house WHERE id = 91b5421f-913e-0eb7-1f4d-555d6a7c9061: MySQL error 1064: You have an error in your SQL syntax; check the manual that corresponds to your MySQL server version for the right syntax to use near 'eb7-1f4d-555d6a7c9061' at line 1
05/21/15 14:29:12 [5748][1][FATAL]  Query Failed: SELECT * FROM k1_house WHERE id = 1d3f24a2-cef4-a406-1947-555ca64d9bba: MySQL error 1054: Unknown column '1d3f24a2' in 'where clause'
05/21/15 14:29:22 [5748][1][FATAL]  Query Failed: SELECT * FROM k1_house WHERE id = 1d3f24a2-cef4-a406-1947-555ca64d9bba: MySQL error 1054: Unknown column '1d3f24a2' in 'where clause'
05/21/15 14:29:25 [5748][1][FATAL]  Query Failed: SELECT * FROM k1_house WHERE id = 1d3f24a2-cef4-a406-1947-555ca64d9bba: MySQL error 1054: Unknown column '1d3f24a2' in 'where clause'
05/21/15 16:24:03 [5748][1][FATAL]  Query Failed: SELECT * FROM k1_house WHERE id = : MySQL error 1064: You have an error in your SQL syntax; check the manual that corresponds to your MySQL server version for the right syntax to use near '' at line 1
05/21/15 16:24:15 [5748][1][FATAL]  Query Failed: SELECT * FROM k1_house WHERE id = 11f65bc7-593d-733c-1c5e-555ddcd1c029: MySQL error 1054: Unknown column '11f65bc7' in 'where clause'
05/21/15 17:16:23 [5748][1][FATAL]  Query Failed: SELECT * FROM k1_house WHERE id = 11f65bc7-593d-733c-1c5e-555ddcd1c029: MySQL error 1054: Unknown column '11f65bc7' in 'where clause'
05/21/15 17:26:14 [5748][1][FATAL]  Query Failed: SELECT * FROM real_reality WHERE rooms =  AND wc = : MySQL error 1064: You have an error in your SQL syntax; check the manual that corresponds to your MySQL server version for the right syntax to use near 'AND wc =' at line 1
05/21/15 17:28:43 [5748][1][FATAL]  Query Failed: SELECT * FROM k1_house WHERE rooms_list =  AND wc = 0: MySQL error 1064: You have an error in your SQL syntax; check the manual that corresponds to your MySQL server version for the right syntax to use near 'AND wc = 0' at line 1
05/21/15 17:29:32 [5748][1][FATAL]  Query Failed: SELECT * FROM k1_house WHERE rooms_list =  AND wc = 0: MySQL error 1064: You have an error in your SQL syntax; check the manual that corresponds to your MySQL server version for the right syntax to use near 'AND wc = 0' at line 1
05/21/15 17:29:34 [5748][1][FATAL]  Query Failed: SELECT * FROM k1_house WHERE rooms_list =  AND wc = 0: MySQL error 1064: You have an error in your SQL syntax; check the manual that corresponds to your MySQL server version for the right syntax to use near 'AND wc = 0' at line 1
05/21/15 17:31:44 [5748][1][FATAL]  Query Failed: SELECT * FROM k1_house WHERE id = 11f65bc7-593d-733c-1c5e-555ddcd1c029: MySQL error 1054: Unknown column '11f65bc7' in 'where clause'
05/21/15 17:34:45 [5748][1][FATAL]  Query Failed: SELECT * FROM k1_house WHERE id = 11f65bc7-593d-733c-1c5e-555ddcd1c029: MySQL error 1054: Unknown column '11f65bc7' in 'where clause'
05/21/15 17:34:48 [5748][1][FATAL]  Query Failed: SELECT * FROM k1_house WHERE id = 11f65bc7-593d-733c-1c5e-555ddcd1c029: MySQL error 1054: Unknown column '11f65bc7' in 'where clause'
05/21/15 17:37:15 [5748][1][FATAL]  Query Failed: SELECT * FROM k1_house WHERE id = 11f65bc7-593d-733c-1c5e-555ddcd1c029: MySQL error 1054: Unknown column '11f65bc7' in 'where clause'
05/21/15 17:37:17 [5748][1][FATAL]  Query Failed: SELECT * FROM k1_house WHERE id = 11f65bc7-593d-733c-1c5e-555ddcd1c029: MySQL error 1054: Unknown column '11f65bc7' in 'where clause'
05/21/15 17:43:00 [5748][1][FATAL]  Query Failed: SELECT * FROM k1_house WHERE id = 11f65bc7-593d-733c-1c5e-555ddcd1c029: MySQL error 1054: Unknown column '11f65bc7' in 'where clause'
05/21/15 17:43:35 [5748][1][FATAL]  Query Failed: SELECT * FROM k1_house WHERE id = 177cd52f-e4e4-523b-3c72-555db5b14e30: MySQL error 1054: Unknown column '177cd52f' in 'where clause'
05/21/15 17:43:39 [5748][1][FATAL]  Query Failed: SELECT * FROM k1_house WHERE id = 177cd52f-e4e4-523b-3c72-555db5b14e30: MySQL error 1054: Unknown column '177cd52f' in 'where clause'
05/21/15 17:43:41 [5748][1][FATAL]  Query Failed: SELECT * FROM k1_house WHERE id = 1d3f24a2-cef4-a406-1947-555ca64d9bba: MySQL error 1054: Unknown column '1d3f24a2' in 'where clause'
05/21/15 17:43:48 [5748][1][FATAL]  Query Failed: SELECT * FROM k1_house WHERE id = 1d3f24a2-cef4-a406-1947-555ca64d9bba: MySQL error 1054: Unknown column '1d3f24a2' in 'where clause'
05/21/15 17:43:50 [5748][1][FATAL]  Query Failed: SELECT * FROM k1_house WHERE id = 1d3f24a2-cef4-a406-1947-555ca64d9bba: MySQL error 1054: Unknown column '1d3f24a2' in 'where clause'
05/21/15 17:44:01 [5748][1][FATAL]  Query Failed: SELECT * FROM k1_house WHERE id = 1d3f24a2-cef4-a406-1947-555ca64d9bba: MySQL error 1054: Unknown column '1d3f24a2' in 'where clause'
05/21/15 17:44:03 [5748][1][FATAL]  Query Failed: SELECT * FROM k1_house WHERE id = 1d3f24a2-cef4-a406-1947-555ca64d9bba: MySQL error 1054: Unknown column '1d3f24a2' in 'where clause'
05/21/15 17:44:07 [5748][1][FATAL]  Query Failed: SELECT * FROM k1_house WHERE id = 1d3f24a2-cef4-a406-1947-555ca64d9bba: MySQL error 1054: Unknown column '1d3f24a2' in 'where clause'
05/21/15 17:44:09 [5748][1][FATAL]  Query Failed: SELECT * FROM k1_house WHERE id = 1d3f24a2-cef4-a406-1947-555ca64d9bba: MySQL error 1054: Unknown column '1d3f24a2' in 'where clause'
05/21/15 17:45:45 [5748][1][FATAL]  Query Failed: SELECT * FROM k1_house WHERE id = 11f65bc7-593d-733c-1c5e-555ddcd1c029: MySQL error 1054: Unknown column '11f65bc7' in 'where clause'
05/21/15 17:45:54 [5748][1][FATAL]  Query Failed: SELECT * FROM k1_house WHERE id = 11f65bc7-593d-733c-1c5e-555ddcd1c029: MySQL error 1054: Unknown column '11f65bc7' in 'where clause'
05/21/15 17:46:05 [5748][1][FATAL]  Query Failed: SELECT * FROM k1_house WHERE id = 11f65bc7-593d-733c-1c5e-555ddcd1c029: MySQL error 1054: Unknown column '11f65bc7' in 'where clause'
05/21/15 17:47:40 [5748][1][FATAL]  Query Failed: SELECT * FROM k1_house WHERE id = 11f65bc7-593d-733c-1c5e-555ddcd1c029: MySQL error 1054: Unknown column '11f65bc7' in 'where clause'
05/21/15 17:47:46 [5748][1][FATAL]  Query Failed: SELECT * FROM k1_house WHERE id = 11f65bc7-593d-733c-1c5e-555ddcd1c029: MySQL error 1054: Unknown column '11f65bc7' in 'where clause'
05/21/15 17:47:48 [5748][1][FATAL]  Query Failed: SELECT * FROM k1_house WHERE id = 11f65bc7-593d-733c-1c5e-555ddcd1c029: MySQL error 1054: Unknown column '11f65bc7' in 'where clause'
05/21/15 17:48:48 [5748][1][FATAL]  Query Failed: SELECT * FROM k1_house WHERE id = 11f65bc7-593d-733c-1c5e-555ddcd1c029: MySQL error 1054: Unknown column '11f65bc7' in 'where clause'
05/21/15 17:48:52 [5748][1][FATAL]  Query Failed: SELECT * FROM k1_house WHERE id = 11f65bc7-593d-733c-1c5e-555ddcd1c029: MySQL error 1054: Unknown column '11f65bc7' in 'where clause'
05/21/15 17:48:54 [5748][1][FATAL]  Query Failed: SELECT * FROM k1_house WHERE id = 11f65bc7-593d-733c-1c5e-555ddcd1c029: MySQL error 1054: Unknown column '11f65bc7' in 'where clause'
05/21/15 17:50:43 [5748][1][FATAL]  Query Failed: SELECT * FROM k1_house WHERE id = 11f65bc7-593d-733c-1c5e-555ddcd1c029: MySQL error 1054: Unknown column '11f65bc7' in 'where clause'
05/21/15 17:50:45 [5748][1][FATAL]  Query Failed: SELECT * FROM k1_house WHERE id = 11f65bc7-593d-733c-1c5e-555ddcd1c029: MySQL error 1054: Unknown column '11f65bc7' in 'where clause'
05/21/15 17:50:46 [5748][1][FATAL]  Query Failed: SELECT * FROM k1_house WHERE id = 11f65bc7-593d-733c-1c5e-555ddcd1c029: MySQL error 1054: Unknown column '11f65bc7' in 'where clause'
05/21/15 17:53:08 [5748][1][FATAL]  Query Failed: SELECT * FROM k1_house WHERE id = 11f65bc7-593d-733c-1c5e-555ddcd1c029: MySQL error 1054: Unknown column '11f65bc7' in 'where clause'
05/21/15 17:53:13 [5748][1][FATAL]  Query Failed: SELECT * FROM k1_house WHERE id = 11f65bc7-593d-733c-1c5e-555ddcd1c029: MySQL error 1054: Unknown column '11f65bc7' in 'where clause'
05/21/15 17:53:15 [5748][1][FATAL]  Query Failed: SELECT * FROM k1_house WHERE id = 11f65bc7-593d-733c-1c5e-555ddcd1c029: MySQL error 1054: Unknown column '11f65bc7' in 'where clause'
05/21/15 17:53:19 [5748][1][FATAL]  Query Failed: SELECT * FROM k1_house WHERE id = 11f65bc7-593d-733c-1c5e-555ddcd1c029: MySQL error 1054: Unknown column '11f65bc7' in 'where clause'
05/21/15 17:53:20 [5748][1][FATAL]  Query Failed: SELECT * FROM k1_house WHERE id = 11f65bc7-593d-733c-1c5e-555ddcd1c029: MySQL error 1054: Unknown column '11f65bc7' in 'where clause'
05/21/15 17:53:47 [5748][1][FATAL]  Query Failed: SELECT * FROM k1_house WHERE id = 11f65bc7-593d-733c-1c5e-555ddcd1c029: MySQL error 1054: Unknown column '11f65bc7' in 'where clause'
05/21/15 17:53:54 [5748][1][FATAL]  Query Failed: SELECT * FROM k1_house WHERE id = 11f65bc7-593d-733c-1c5e-555ddcd1c029: MySQL error 1054: Unknown column '11f65bc7' in 'where clause'
05/21/15 17:53:56 [5748][1][FATAL]  Query Failed: SELECT * FROM k1_house WHERE id = 11f65bc7-593d-733c-1c5e-555ddcd1c029: MySQL error 1054: Unknown column '11f65bc7' in 'where clause'
05/21/15 17:54:12 [5748][1][FATAL]  Query Failed: SELECT * FROM k1_house WHERE id = 11f65bc7-593d-733c-1c5e-555ddcd1c029: MySQL error 1054: Unknown column '11f65bc7' in 'where clause'
05/21/15 17:54:14 [5748][1][FATAL]  Query Failed: SELECT * FROM k1_house WHERE id = 11f65bc7-593d-733c-1c5e-555ddcd1c029: MySQL error 1054: Unknown column '11f65bc7' in 'where clause'
05/21/15 17:54:16 [5748][1][FATAL]  Query Failed: SELECT * FROM k1_house WHERE id = 11f65bc7-593d-733c-1c5e-555ddcd1c029: MySQL error 1054: Unknown column '11f65bc7' in 'where clause'
05/21/15 18:08:20 [5748][1][FATAL]  Query Failed: SELECT * FROM k1_house WHERE wc = 0AND deleted = false: MySQL error 1064: You have an error in your SQL syntax; check the manual that corresponds to your MySQL server version for the right syntax to use near 'deleted = false' at line 1
05/21/15 18:17:46 [5748][1][FATAL]  Query Failed: SELECT * FROM k1_house WHERE wc = 0AND deleted = false: MySQL error 1064: You have an error in your SQL syntax; check the manual that corresponds to your MySQL server version for the right syntax to use near 'deleted = false' at line 1
05/21/15 18:17:52 [5748][1][FATAL]  Query Failed: SELECT * FROM k1_house WHERE rooms_list = 2 AND wc = 1AND deleted = false: MySQL error 1064: You have an error in your SQL syntax; check the manual that corresponds to your MySQL server version for the right syntax to use near 'deleted = false' at line 1
05/21/15 18:17:57 [5748][1][FATAL]  Query Failed: SELECT * FROM k1_house WHERE wc = 1AND deleted = false: MySQL error 1064: You have an error in your SQL syntax; check the manual that corresponds to your MySQL server version for the right syntax to use near 'deleted = false' at line 1
05/21/15 18:18:00 [5748][1][FATAL]  Query Failed: SELECT * FROM k1_house WHERE wc = 0AND deleted = false: MySQL error 1064: You have an error in your SQL syntax; check the manual that corresponds to your MySQL server version for the right syntax to use near 'deleted = false' at line 1
05/21/15 18:19:01 [5748][1][FATAL]  Query Failed: SELECT * FROM k1_house WHERE id = 2f87fd2d-23d7-8e88-252b-555de25d4e79: MySQL error 1054: Unknown column '2f87fd2d' in 'where clause'
05/21/15 18:19:04 [5748][1][FATAL]  Query Failed: SELECT * FROM k1_house WHERE wc = 0AND deleted = false: MySQL error 1064: You have an error in your SQL syntax; check the manual that corresponds to your MySQL server version for the right syntax to use near 'deleted = false' at line 1
05/21/15 18:20:13 [5748][1][FATAL]  Query Failed: SELECT * FROM k1_house WHERE wc = 0AND deleted = 0: MySQL error 1064: You have an error in your SQL syntax; check the manual that corresponds to your MySQL server version for the right syntax to use near 'deleted = 0' at line 1
05/21/15 18:20:15 [5748][1][FATAL]  Query Failed: SELECT * FROM k1_house WHERE wc = 1AND deleted = 0: MySQL error 1064: You have an error in your SQL syntax; check the manual that corresponds to your MySQL server version for the right syntax to use near 'deleted = 0' at line 1
05/21/15 18:20:18 [5748][1][FATAL]  Query Failed: SELECT * FROM k1_house WHERE wc = 0AND deleted = 0: MySQL error 1064: You have an error in your SQL syntax; check the manual that corresponds to your MySQL server version for the right syntax to use near 'deleted = 0' at line 1
05/21/15 18:20:21 [5748][1][FATAL]  Query Failed: SELECT * FROM k1_house WHERE wc = 1AND deleted = 0: MySQL error 1064: You have an error in your SQL syntax; check the manual that corresponds to your MySQL server version for the right syntax to use near 'deleted = 0' at line 1
05/21/15 18:20:29 [5748][1][FATAL]  Query Failed: SELECT * FROM k1_house WHERE rooms_list = 4 AND wc = 0AND deleted = 0: MySQL error 1064: You have an error in your SQL syntax; check the manual that corresponds to your MySQL server version for the right syntax to use near 'deleted = 0' at line 1
05/21/15 18:27:06 [5748][1][FATAL]  Query Failed: SELECT * FROM k1_house WHERE wc = 0AND deleted = false: MySQL error 1064: You have an error in your SQL syntax; check the manual that corresponds to your MySQL server version for the right syntax to use near 'deleted = false' at line 1
05/21/15 18:27:10 [5748][1][FATAL]  Query Failed: SELECT * FROM k1_house WHERE wc = 0AND deleted = false: MySQL error 1064: You have an error in your SQL syntax; check the manual that corresponds to your MySQL server version for the right syntax to use near 'deleted = false' at line 1
05/21/15 18:27:12 [5748][1][FATAL]  Query Failed: SELECT * FROM k1_house WHERE rooms_list = 2 AND wc = 0AND deleted = false: MySQL error 1064: You have an error in your SQL syntax; check the manual that corresponds to your MySQL server version for the right syntax to use near 'deleted = false' at line 1
05/21/15 18:27:16 [5748][1][FATAL]  Query Failed: SELECT * FROM k1_house WHERE wc = 0AND deleted = false: MySQL error 1064: You have an error in your SQL syntax; check the manual that corresponds to your MySQL server version for the right syntax to use near 'deleted = false' at line 1
05/21/15 18:30:40 [5748][1][FATAL]  Query Failed: SELECT * FROM k1_house WHERE id = 60090dc0-3e95-e019-b998-555e016724e5: MySQL error 1367: Illegal double '555e016724' value found during parsing
05/21/15 18:36:17 [5748][1][FATAL]  Query Failed: SELECT * FROM k1_house WHERE id = ed12086e-3d98-c01f-82c6-555e09af1947: MySQL error 1064: You have an error in your SQL syntax; check the manual that corresponds to your MySQL server version for the right syntax to use near 'af1947' at line 1
05/21/15 18:37:19 [5748][1][FATAL]  Query Failed: SELECT * FROM k1_house WHERE id = ed12086e-3d98-c01f-82c6-555e09af1947: MySQL error 1064: You have an error in your SQL syntax; check the manual that corresponds to your MySQL server version for the right syntax to use near 'af1947' at line 1
05/21/15 18:38:19 [5748][1][FATAL]  Query Failed: SELECT * FROM k1_house WHERE id = ed12086e-3d98-c01f-82c6-555e09af1947: MySQL error 1064: You have an error in your SQL syntax; check the manual that corresponds to your MySQL server version for the right syntax to use near 'af1947' at line 1
05/21/15 18:39:13 [5748][1][FATAL]  Query Failed: SELECT * FROM k1_house WHERE id = ed12086e-3d98-c01f-82c6-555e09af1947: MySQL error 1064: You have an error in your SQL syntax; check the manual that corresponds to your MySQL server version for the right syntax to use near 'af1947' at line 1
05/21/15 18:40:40 [5748][1][FATAL]  Query Failed: SELECT * FROM k1_house WHERE id = ed12086e-3d98-c01f-82c6-555e09af1947: MySQL error 1064: You have an error in your SQL syntax; check the manual that corresponds to your MySQL server version for the right syntax to use near 'af1947' at line 1
05/21/15 18:41:35 [5748][1][FATAL]  Query Failed: SELECT * FROM k1_house WHERE id = ed12086e-3d98-c01f-82c6-555e09af1947: MySQL error 1064: You have an error in your SQL syntax; check the manual that corresponds to your MySQL server version for the right syntax to use near 'af1947' at line 1
05/21/15 18:42:05 [5748][1][FATAL]  Query Failed: SELECT * FROM k1_house WHERE id = ed12086e-3d98-c01f-82c6-555e09af1947: MySQL error 1064: You have an error in your SQL syntax; check the manual that corresponds to your MySQL server version for the right syntax to use near 'af1947' at line 1
05/21/15 18:42:14 [5748][1][FATAL]  Query Failed: SELECT * FROM k1_house WHERE id = ed12086e-3d98-c01f-82c6-555e09af1947: MySQL error 1064: You have an error in your SQL syntax; check the manual that corresponds to your MySQL server version for the right syntax to use near 'af1947' at line 1
05/21/15 18:43:24 [5748][1][FATAL]  Query Failed: SELECT * FROM k1_house WHERE id = ed12086e-3d98-c01f-82c6-555e09af1947: MySQL error 1064: You have an error in your SQL syntax; check the manual that corresponds to your MySQL server version for the right syntax to use near 'af1947' at line 1
05/21/15 18:43:33 [5748][1][FATAL]  Query Failed: SELECT * FROM k1_house WHERE id = ed12086e-3d98-c01f-82c6-555e09af1947: MySQL error 1064: You have an error in your SQL syntax; check the manual that corresponds to your MySQL server version for the right syntax to use near 'af1947' at line 1
05/21/15 18:44:51 [5748][1][FATAL]  Query Failed: SELECT * FROM k1_house WHERE id = ed12086e-3d98-c01f-82c6-555e09af1947: MySQL error 1064: You have an error in your SQL syntax; check the manual that corresponds to your MySQL server version for the right syntax to use near 'af1947' at line 1
05/21/15 18:45:21 [5748][1][FATAL]  Query Failed: SELECT * FROM k1_house WHERE id = ed12086e-3d98-c01f-82c6-555e09af1947: MySQL error 1064: You have an error in your SQL syntax; check the manual that corresponds to your MySQL server version for the right syntax to use near 'af1947' at line 1
05/21/15 18:48:23 [5748][1][FATAL]  Query Failed: SELECT * FROM k1_house WHERE id = ed12086e-3d98-c01f-82c6-555e09af1947: MySQL error 1064: You have an error in your SQL syntax; check the manual that corresponds to your MySQL server version for the right syntax to use near 'af1947' at line 1
05/21/15 18:52:34 [5748][1][FATAL]  Query Failed: SELECT * FROM k1_house WHERE id = ed12086e-3d98-c01f-82c6-555e09af1947: MySQL error 1064: You have an error in your SQL syntax; check the manual that corresponds to your MySQL server version for the right syntax to use near 'af1947' at line 1
05/21/15 18:53:33 [5748][1][FATAL]  Query Failed: SELECT * FROM k1_house WHERE id = ed12086e-3d98-c01f-82c6-555e09af1947: MySQL error 1064: You have an error in your SQL syntax; check the manual that corresponds to your MySQL server version for the right syntax to use near 'af1947' at line 1
05/21/15 18:54:09 [5748][1][FATAL]  Query Failed: SELECT * FROM k1_house WHERE id = ed12086e-3d98-c01f-82c6-555e09af1947: MySQL error 1064: You have an error in your SQL syntax; check the manual that corresponds to your MySQL server version for the right syntax to use near 'af1947' at line 1
05/21/15 19:00:00 [5748][1][FATAL]  Query Failed: SELECT * FROM k1_house WHERE id = b9bd5db0-6598-e9fa-0d05-555e0e35c77e: MySQL error 1064: You have an error in your SQL syntax; check the manual that corresponds to your MySQL server version for the right syntax to use near 'e35c77e' at line 1
05/21/15 19:00:24 [5748][1][FATAL]  Query Failed: SELECT * FROM k1_house WHERE id = ed12086e-3d98-c01f-82c6-555e09af1947: MySQL error 1064: You have an error in your SQL syntax; check the manual that corresponds to your MySQL server version for the right syntax to use near 'af1947' at line 1
05/21/15 19:02:14 [5748][1][FATAL]  Query Failed: SELECT * FROM k1_house WHERE id = ed12086e-3d98-c01f-82c6-555e09af1947: MySQL error 1064: You have an error in your SQL syntax; check the manual that corresponds to your MySQL server version for the right syntax to use near 'af1947' at line 1
05/21/15 19:03:06 [5748][1][FATAL]  Query Failed: SELECT * FROM k1_house WHERE id = b9bd5db0-6598-e9fa-0d05-555e0e35c77e: MySQL error 1064: You have an error in your SQL syntax; check the manual that corresponds to your MySQL server version for the right syntax to use near 'e35c77e' at line 1
05/21/15 19:03:48 [5748][1][FATAL]  Query Failed: SELECT * FROM k1_house WHERE id = b9bd5db0-6598-e9fa-0d05-555e0e35c77e: MySQL error 1064: You have an error in your SQL syntax; check the manual that corresponds to your MySQL server version for the right syntax to use near 'e35c77e' at line 1
05/21/15 19:04:13 [5748][1][FATAL]  Query Failed: SELECT * FROM k1_house WHERE id = ed12086e-3d98-c01f-82c6-555e09af1947: MySQL error 1064: You have an error in your SQL syntax; check the manual that corresponds to your MySQL server version for the right syntax to use near 'af1947' at line 1
05/21/15 19:05:24 [5748][1][FATAL]  Query Failed: SELECT * FROM k1_house WHERE id = ed12086e-3d98-c01f-82c6-555e09af1947: MySQL error 1064: You have an error in your SQL syntax; check the manual that corresponds to your MySQL server version for the right syntax to use near 'af1947' at line 1
05/21/15 19:06:04 [5748][1][FATAL]  Query Failed: SELECT * FROM k1_house WHERE id = d7610be8-af4f-8497-8a02-555e10198ffe: MySQL error 1367: Illegal double '555e10198' value found during parsing
05/21/15 19:06:37 [5748][1][FATAL]  Query Failed: SELECT * FROM k1_house WHERE id = 29a40e78-ee76-b014-85c9-555e0e8d7eb1: MySQL error 1064: You have an error in your SQL syntax; check the manual that corresponds to your MySQL server version for the right syntax to use near 'e8d7eb1' at line 1
05/21/15 19:23:40 [5748][1][FATAL]  Query Failed: SELECT * FROM k1_house WHERE id = 9d36d96b-ceed-3a04-488b-555e148c8a37: MySQL error 1064: You have an error in your SQL syntax; check the manual that corresponds to your MySQL server version for the right syntax to use near 'c8a37' at line 1
05/21/15 19:25:09 [5748][1][FATAL]  Query Failed: SELECT * FROM k1_house WHERE id = 658c5087-8381-59fd-7049-555e140576cb: MySQL error 1367: Illegal double '555e140576' value found during parsing
05/21/15 19:28:07 [5748][1][FATAL]  Query Failed: SELECT * FROM k1_house WHERE id = 658c5087-8381-59fd-7049-555e140576cb: MySQL error 1367: Illegal double '555e140576' value found during parsing
05/21/15 19:28:57 [5748][1][FATAL]  Query Failed: SELECT * FROM k1_house WHERE id = 658c5087-8381-59fd-7049-555e140576cb: MySQL error 1367: Illegal double '555e140576' value found during parsing
05/21/15 19:31:37 [5748][1][FATAL]  Query Failed: SELECT * FROM k1_house WHERE id = ed0b9ed3-98b9-6359-7025-555e16fbe9ec: MySQL error 1064: You have an error in your SQL syntax; check the manual that corresponds to your MySQL server version for the right syntax to use near 'fbe9ec' at line 1
